#
# There is insufficient memory for the Java Runtime Environment to continue.
# Native memory allocation (mmap) failed to map 110624768 bytes for committing reserved memory.
# Possible reasons:
#   The system is out of physical RAM or swap space
#   The process is running with CompressedOops enabled, and the Java Heap may be blocking the growth of the native heap
# Possible solutions:
#   Reduce memory load on the system
#   Increase physical memory or swap space
#   Check if swap backing store is full
#   Decrease Java heap size (-Xmx/-Xms)
#   Decrease number of Java threads
#   Decrease Java thread stack sizes (-Xss)
#   Set larger code cache with -XX:ReservedCodeCacheSize=
#   JVM is running with Unscaled Compressed Oops mode in which the Java heap is
#     placed in the first 4GB address space. The Java Heap base address is the
#     maximum limit for the native heap growth. Please use -XX:HeapBaseMinAddress
#     to set the Java Heap base and to place the Java Heap above 4GB virtual address.
# This output file may be truncated or incomplete.
#
#  Out of Memory Error (os_linux.cpp:2749), pid=22740, tid=0x00007f2251ce8700
#
# JRE version: Java(TM) SE Runtime Environment (8.0_201-b09) (build 1.8.0_201-b09)
# Java VM: Java HotSpot(TM) 64-Bit Server VM (25.201-b09 mixed mode linux-amd64 compressed oops)
# Failed to write core dump. Core dumps have been disabled. To enable core dumping, try "ulimit -c unlimited" before starting Java again
#

---------------  T H R E A D  ---------------

Current thread (0x00007f2264080000):  VMThread [stack: 0x00007f2251be9000,0x00007f2251ce9000] [id=22751]

Stack: [0x00007f2251be9000,0x00007f2251ce9000],  sp=0x00007f2251ce73f0,  free space=1016k
Native frames: (J=compiled Java code, j=interpreted, Vv=VM code, C=native code)
V  [libjvm.so+0xad3525]  VMError::report_and_die()+0x2e5
V  [libjvm.so+0x4e0457]  report_vm_out_of_memory(char const*, int, unsigned long, VMErrorType, char const*)+0x67
V  [libjvm.so+0x9102f0]  os::pd_commit_memory(char*, unsigned long, unsigned long, bool)+0x100
V  [libjvm.so+0x90791f]  os::commit_memory(char*, unsigned long, unsigned long, bool)+0x1f
V  [libjvm.so+0x98c806]  PSVirtualSpace::expand_by(unsigned long)+0x56
V  [libjvm.so+0x98da98]  PSYoungGen::resize(unsigned long, unsigned long)+0xd8
V  [libjvm.so+0x98a236]  PSScavenge::invoke_no_policy()+0x1376
V  [libjvm.so+0x98a5cc]  PSScavenge::invoke()+0x4c
V  [libjvm.so+0x93a318]  ParallelScavengeHeap::failed_mem_allocate(unsigned long)+0x68
V  [libjvm.so+0xad5073]  VM_ParallelGCFailedAllocation::doit()+0x93
V  [libjvm.so+0xada296]  VM_Operation::evaluate()+0x46
V  [libjvm.so+0xad85cd]  VMThread::evaluate_operation(VM_Operation*) [clone .constprop.44]+0xcd
V  [libjvm.so+0xad8bb3]  VMThread::loop()+0x3a3
V  [libjvm.so+0xad8f88]  VMThread::run()+0x78
V  [libjvm.so+0x90d922]  java_start(Thread*)+0x102

VM_Operation (0x00007f226a98a2d0): ParallelGCFailedAllocation, mode: safepoint, requested by thread 0x00007f2264012000


---------------  P R O C E S S  ---------------

Java Threads: ( => current thread )
  0x00007f2264d78000 JavaThread "Abandoned connection cleanup thread" daemon [_thread_blocked, id=22765, stack(0x00007f22143e2000,0x00007f22144e3000)]
  0x00007f2264d5f800 JavaThread "Tomcat JDBC Pool Cleaner[1309552426:1552469273466]" daemon [_thread_blocked, id=22764, stack(0x00007f2214ce3000,0x00007f2214de4000)]
  0x00007f22640c9800 JavaThread "Service Thread" daemon [_thread_blocked, id=22758, stack(0x00007f2250a9e000,0x00007f2250b9f000)]
  0x00007f22640c6800 JavaThread "C1 CompilerThread2" daemon [_thread_blocked, id=22757, stack(0x00007f2250ba0000,0x00007f2250ca0000)]
  0x00007f22640c5000 JavaThread "C2 CompilerThread1" daemon [_thread_blocked, id=22756, stack(0x00007f2250ca1000,0x00007f2250da1000)]
  0x00007f22640c2000 JavaThread "C2 CompilerThread0" daemon [_thread_blocked, id=22755, stack(0x00007f2250da2000,0x00007f2250ea2000)]
  0x00007f22640c0000 JavaThread "Signal Dispatcher" daemon [_thread_blocked, id=22754, stack(0x00007f2250ea2000,0x00007f2250fa3000)]
  0x00007f226408c800 JavaThread "Finalizer" daemon [_thread_blocked, id=22753, stack(0x00007f22519e6000,0x00007f2251ae7000)]
  0x00007f226408a000 JavaThread "Reference Handler" daemon [_thread_blocked, id=22752, stack(0x00007f2251ae7000,0x00007f2251be8000)]
  0x00007f2264012000 JavaThread "main" [_thread_blocked, id=22743, stack(0x00007f226a893000,0x00007f226a993000)]

Other Threads:
=>0x00007f2264080000 VMThread [stack: 0x00007f2251be9000,0x00007f2251ce9000] [id=22751]
  0x00007f22640cc800 WatcherThread [stack: 0x00007f225099e000,0x00007f2250a9e000] [id=22759]

VM state:at safepoint (normal execution)

VM Mutex/Monitor currently owned by a thread:  ([mutex/lock_event])
[0x00007f226400e8e0] Threads_lock - owner thread: 0x00007f2264080000
[0x00007f226400ede0] Heap_lock - owner thread: 0x00007f2264012000

heap address: 0x0000000084e00000, size: 1970 MB, Compressed Oops mode: 32-bit
Narrow klass base: 0x0000000000000000, Narrow klass shift: 3
Compressed class space size: 1073741824 Address: 0x0000000100000000

Heap:
 PSYoungGen      total 235008K, used 12768K [0x00000000d6f80000, 0x00000000e6180000, 0x0000000100000000)
  eden space 222208K, 0% used [0x00000000d6f80000,0x00000000d6f80000,0x00000000e4880000)
  from space 12800K, 99% used [0x00000000e4880000,0x00000000e54f8068,0x00000000e5500000)
  to   space 9728K, 0% used [0x00000000e5800000,0x00000000e5800000,0x00000000e6180000)
 ParOldGen       total 73728K, used 29288K [0x0000000084e00000, 0x0000000089600000, 0x00000000d6f80000)
  object space 73728K, 39% used [0x0000000084e00000,0x0000000086a9a3f8,0x0000000089600000)
 Metaspace       used 52739K, capacity 53283K, committed 53632K, reserved 1095680K
  class space    used 8106K, capacity 8272K, committed 8320K, reserved 1048576K

Card table byte_map: [0x00007f2254012000,0x00007f22543ec000] byte_map_base: 0x00007f2253beb000

Marking Bits: (ParMarkBitMap*) 0x00007f2269d45d80
 Begin Bits: [0x00007f2240270000, 0x00007f2242138000)
 End Bits:   [0x00007f2242138000, 0x00007f2244000000)

Polling page: 0x00007f226a9b5000

CodeCache: size=245760Kb used=16099Kb max_used=16105Kb free=229660Kb
 bounds [0x00007f22547ac000, 0x00007f225577c000, 0x00007f22637ac000]
 total_blobs=5070 nmethods=4527 adapters=455
 compilation: enabled

Compilation events (10 events):
Event: 8.445 Thread 0x00007f22640c6800 nmethod 5024 0x00007f225575ce50 code [0x00007f225575cfe0, 0x00007f225575d368]
Event: 8.445 Thread 0x00007f22640c6800 5025   !   3       com.sun.proxy.$Proxy107::annotationType (29 bytes)
Event: 8.445 Thread 0x00007f22640c6800 nmethod 5025 0x00007f225575c610 code [0x00007f225575c7a0, 0x00007f225575cbb8]
Event: 8.446 Thread 0x00007f22640c6800 5026       3       java.lang.reflect.Field::get (51 bytes)
Event: 8.447 Thread 0x00007f22640c6800 nmethod 5026 0x00007f2255772110 code [0x00007f22557722e0, 0x00007f2255772908]
Event: 8.447 Thread 0x00007f22640c2000 5027       4       java.lang.Integer::<init> (10 bytes)
Event: 8.450 Thread 0x00007f22640c2000 nmethod 5027 0x00007f225572d390 code [0x00007f225572d4e0, 0x00007f225572d538]
Event: 8.450 Thread 0x00007f22640c5000 5028       4       java.io.DataOutputStream::writeInt (65 bytes)
Event: 8.455 Thread 0x00007f22640c6800 5029   !   3       sun.reflect.GeneratedConstructorAccessor50::newInstance (53 bytes)
Event: 8.457 Thread 0x00007f22640c6800 nmethod 5029 0x00007f2255774750 code [0x00007f2255774960, 0x00007f22557751a8]

GC Heap History (10 events):
Event: 2.475 GC heap after
Heap after GC invocations=6 (full 0):
 PSYoungGen      total 135168K, used 5227K [0x00000000d6f80000, 0x00000000dfc80000, 0x0000000100000000)
  eden space 126976K, 0% used [0x00000000d6f80000,0x00000000d6f80000,0x00000000deb80000)
  from space 8192K, 63% used [0x00000000df480000,0x00000000df99ace0,0x00000000dfc80000)
  to   space 8704K, 0% used [0x00000000deb80000,0x00000000deb80000,0x00000000df400000)
 ParOldGen       total 84992K, used 6061K [0x0000000084e00000, 0x000000008a100000, 0x00000000d6f80000)
  object space 84992K, 7% used [0x0000000084e00000,0x00000000853eb7d0,0x000000008a100000)
 Metaspace       used 20934K, capacity 21164K, committed 21296K, reserved 1069056K
  class space    used 2581K, capacity 2671K, committed 2688K, reserved 1048576K
}
Event: 2.475 GC heap before
{Heap before GC invocations=7 (full 1):
 PSYoungGen      total 135168K, used 5227K [0x00000000d6f80000, 0x00000000dfc80000, 0x0000000100000000)
  eden space 126976K, 0% used [0x00000000d6f80000,0x00000000d6f80000,0x00000000deb80000)
  from space 8192K, 63% used [0x00000000df480000,0x00000000df99ace0,0x00000000dfc80000)
  to   space 8704K, 0% used [0x00000000deb80000,0x00000000deb80000,0x00000000df400000)
 ParOldGen       total 84992K, used 6061K [0x0000000084e00000, 0x000000008a100000, 0x00000000d6f80000)
  object space 84992K, 7% used [0x0000000084e00000,0x00000000853eb7d0,0x000000008a100000)
 Metaspace       used 20934K, capacity 21164K, committed 21296K, reserved 1069056K
  class space    used 2581K, capacity 2671K, committed 2688K, reserved 1048576K
Event: 2.520 GC heap after
Heap after GC invocations=7 (full 1):
 PSYoungGen      total 135168K, used 0K [0x00000000d6f80000, 0x00000000dfc80000, 0x0000000100000000)
  eden space 126976K, 0% used [0x00000000d6f80000,0x00000000d6f80000,0x00000000deb80000)
  from space 8192K, 0% used [0x00000000df480000,0x00000000df480000,0x00000000dfc80000)
  to   space 8704K, 0% used [0x00000000deb80000,0x00000000deb80000,0x00000000df400000)
 ParOldGen       total 47616K, used 6606K [0x0000000084e00000, 0x0000000087c80000, 0x00000000d6f80000)
  object space 47616K, 13% used [0x0000000084e00000,0x0000000085473b20,0x0000000087c80000)
 Metaspace       used 20934K, capacity 21164K, committed 21296K, reserved 1069056K
  class space    used 2581K, capacity 2671K, committed 2688K, reserved 1048576K
}
Event: 4.142 GC heap before
{Heap before GC invocations=8 (full 1):
 PSYoungGen      total 135168K, used 126976K [0x00000000d6f80000, 0x00000000dfc80000, 0x0000000100000000)
  eden space 126976K, 100% used [0x00000000d6f80000,0x00000000deb80000,0x00000000deb80000)
  from space 8192K, 0% used [0x00000000df480000,0x00000000df480000,0x00000000dfc80000)
  to   space 8704K, 0% used [0x00000000deb80000,0x00000000deb80000,0x00000000df400000)
 ParOldGen       total 47616K, used 6606K [0x0000000084e00000, 0x0000000087c80000, 0x00000000d6f80000)
  object space 47616K, 13% used [0x0000000084e00000,0x0000000085473b20,0x0000000087c80000)
 Metaspace       used 26828K, capacity 27206K, committed 27520K, reserved 1073152K
  class space    used 3360K, capacity 3454K, committed 3456K, reserved 1048576K
Event: 4.150 GC heap after
Heap after GC invocations=8 (full 1):
 PSYoungGen      total 135680K, used 8683K [0x00000000d6f80000, 0x00000000e6180000, 0x0000000100000000)
  eden space 126976K, 0% used [0x00000000d6f80000,0x00000000d6f80000,0x00000000deb80000)
  from space 8704K, 99% used [0x00000000deb80000,0x00000000df3faf78,0x00000000df400000)
  to   space 9728K, 0% used [0x00000000e5800000,0x00000000e5800000,0x00000000e6180000)
 ParOldGen       total 47616K, used 6720K [0x0000000084e00000, 0x0000000087c80000, 0x00000000d6f80000)
  object space 47616K, 14% used [0x0000000084e00000,0x0000000085490010,0x0000000087c80000)
 Metaspace       used 26828K, capacity 27206K, committed 27520K, reserved 1073152K
  class space    used 3360K, capacity 3454K, committed 3456K, reserved 1048576K
}
Event: 5.522 GC heap before
{Heap before GC invocations=9 (full 1):
 PSYoungGen      total 135680K, used 107404K [0x00000000d6f80000, 0x00000000e6180000, 0x0000000100000000)
  eden space 126976K, 77% used [0x00000000d6f80000,0x00000000dcfe83d8,0x00000000deb80000)
  from space 8704K, 99% used [0x00000000deb80000,0x00000000df3faf78,0x00000000df400000)
  to   space 9728K, 0% used [0x00000000e5800000,0x00000000e5800000,0x00000000e6180000)
 ParOldGen       total 47616K, used 6720K [0x0000000084e00000, 0x0000000087c80000, 0x00000000d6f80000)
  object space 47616K, 14% used [0x0000000084e00000,0x0000000085490010,0x0000000087c80000)
 Metaspace       used 34771K, capacity 35228K, committed 35496K, reserved 1081344K
  class space    used 4236K, capacity 4346K, committed 4352K, reserved 1048576K
Event: 5.532 GC heap after
Heap after GC invocations=9 (full 1):
 PSYoungGen      total 231936K, used 9717K [0x00000000d6f80000, 0x00000000e6180000, 0x0000000100000000)
  eden space 222208K, 0% used [0x00000000d6f80000,0x00000000d6f80000,0x00000000e4880000)
  from space 9728K, 99% used [0x00000000e5800000,0x00000000e617d460,0x00000000e6180000)
  to   space 12800K, 0% used [0x00000000e4880000,0x00000000e4880000,0x00000000e5500000)
 ParOldGen       total 47616K, used 10467K [0x0000000084e00000, 0x0000000087c80000, 0x00000000d6f80000)
  object space 47616K, 21% used [0x0000000084e00000,0x0000000085838f20,0x0000000087c80000)
 Metaspace       used 34771K, capacity 35228K, committed 35496K, reserved 1081344K
  class space    used 4236K, capacity 4346K, committed 4352K, reserved 1048576K
}
Event: 5.532 GC heap before
{Heap before GC invocations=10 (full 2):
 PSYoungGen      total 231936K, used 9717K [0x00000000d6f80000, 0x00000000e6180000, 0x0000000100000000)
  eden space 222208K, 0% used [0x00000000d6f80000,0x00000000d6f80000,0x00000000e4880000)
  from space 9728K, 99% used [0x00000000e5800000,0x00000000e617d460,0x00000000e6180000)
  to   space 12800K, 0% used [0x00000000e4880000,0x00000000e4880000,0x00000000e5500000)
 ParOldGen       total 47616K, used 10467K [0x0000000084e00000, 0x0000000087c80000, 0x00000000d6f80000)
  object space 47616K, 21% used [0x0000000084e00000,0x0000000085838f20,0x0000000087c80000)
 Metaspace       used 34771K, capacity 35228K, committed 35496K, reserved 1081344K
  class space    used 4236K, capacity 4346K, committed 4352K, reserved 1048576K
Event: 5.636 GC heap after
Heap after GC invocations=10 (full 2):
 PSYoungGen      total 231936K, used 0K [0x00000000d6f80000, 0x00000000e6180000, 0x0000000100000000)
  eden space 222208K, 0% used [0x00000000d6f80000,0x00000000d6f80000,0x00000000e4880000)
  from space 9728K, 0% used [0x00000000e5800000,0x00000000e5800000,0x00000000e6180000)
  to   space 12800K, 0% used [0x00000000e4880000,0x00000000e4880000,0x00000000e5500000)
 ParOldGen       total 73728K, used 19445K [0x0000000084e00000, 0x0000000089600000, 0x00000000d6f80000)
  object space 73728K, 26% used [0x0000000084e00000,0x00000000860fd730,0x0000000089600000)
 Metaspace       used 34771K, capacity 35228K, committed 35496K, reserved 1081344K
  class space    used 4236K, capacity 4346K, committed 4352K, reserved 1048576K
}
Event: 8.562 GC heap before
{Heap before GC invocations=11 (full 2):
 PSYoungGen      total 231936K, used 222208K [0x00000000d6f80000, 0x00000000e6180000, 0x0000000100000000)
  eden space 222208K, 100% used [0x00000000d6f80000,0x00000000e4880000,0x00000000e4880000)
  from space 9728K, 0% used [0x00000000e5800000,0x00000000e5800000,0x00000000e6180000)
  to   space 12800K, 0% used [0x00000000e4880000,0x00000000e4880000,0x00000000e5500000)
 ParOldGen       total 73728K, used 19445K [0x0000000084e00000, 0x0000000089600000, 0x00000000d6f80000)
  object space 73728K, 26% used [0x0000000084e00000,0x00000000860fd730,0x0000000089600000)
 Metaspace       used 52739K, capacity 53283K, committed 53632K, reserved 1095680K
  class space    used 8106K, capacity 8272K, committed 8320K, reserved 1048576K

Deoptimization events (10 events):
Event: 7.315 Thread 0x00007f2264012000 Uncommon trap: reason=class_check action=maybe_recompile pc=0x00007f2254f95344 method=org.hibernate.validator.internal.metadata.aggregated.PropertyMetaData$Builder.accepts(Lorg/hibernate/validator/internal/metadata/raw/ConstrainedElement;)Z @ 4
Event: 7.315 Thread 0x00007f2264012000 Uncommon trap: reason=class_check action=maybe_recompile pc=0x00007f2254f95344 method=org.hibernate.validator.internal.metadata.aggregated.PropertyMetaData$Builder.accepts(Lorg/hibernate/validator/internal/metadata/raw/ConstrainedElement;)Z @ 4
Event: 7.315 Thread 0x00007f2264012000 Uncommon trap: reason=class_check action=maybe_recompile pc=0x00007f2254f95344 method=org.hibernate.validator.internal.metadata.aggregated.PropertyMetaData$Builder.accepts(Lorg/hibernate/validator/internal/metadata/raw/ConstrainedElement;)Z @ 4
Event: 7.315 Thread 0x00007f2264012000 Uncommon trap: reason=class_check action=maybe_recompile pc=0x00007f2254f95344 method=org.hibernate.validator.internal.metadata.aggregated.PropertyMetaData$Builder.accepts(Lorg/hibernate/validator/internal/metadata/raw/ConstrainedElement;)Z @ 4
Event: 7.379 Thread 0x00007f2264012000 Uncommon trap: reason=unstable_if action=reinterpret pc=0x00007f2255213754 method=org.springframework.asm.Frame.merge(Lorg/springframework/asm/ClassWriter;I[II)Z @ 80
Event: 7.395 Thread 0x00007f2264012000 Uncommon trap: reason=unstable_if action=reinterpret pc=0x00007f22555226b0 method=org.springframework.aop.framework.autoproxy.AbstractAutoProxyCreator.predictBeanType(Ljava/lang/Class;Ljava/lang/String;)Ljava/lang/Class; @ 9
Event: 7.421 Thread 0x00007f2264012000 Uncommon trap: reason=unstable_if action=reinterpret pc=0x00007f22550b2910 method=org.springframework.beans.factory.support.AbstractAutowireCapableBeanFactory.predictBeanType(Ljava/lang/String;Lorg/springframework/beans/factory/support/RootBeanDefinition;
Event: 7.511 Thread 0x00007f2264012000 Uncommon trap: reason=null_check action=make_not_entrant pc=0x00007f22556b631c method=org.springframework.core.annotation.AnnotatedElementUtils.searchWithFindSemantics(Ljava/lang/reflect/AnnotatedElement;Ljava/lang/Class;Ljava/lang/String;Ljava/lang/Class
Event: 7.569 Thread 0x00007f2264012000 Uncommon trap: reason=class_check action=maybe_recompile pc=0x00007f22552b0810 method=org.springframework.asm.ClassReader.readCode(Lorg/springframework/asm/MethodVisitor;Lorg/springframework/asm/Context;I)V @ 2757
Event: 7.615 Thread 0x00007f2264012000 Uncommon trap: reason=unstable_if action=reinterpret pc=0x00007f22549cb0d4 method=java.net.URL.<init>(Ljava/net/URL;Ljava/lang/String;Ljava/net/URLStreamHandler;)V @ 30

Classes redefined (0 events):
No events

Internal exceptions (10 events):
Event: 7.535 Thread 0x00007f2264012000 Exception <a 'java/lang/ClassNotFoundException': org/springframework/security/config/annotation/SecurityConfigurerCustomizer> (0x00000000e0f011c8) thrown at [/HUDSON/workspace/8-2-build-linux-amd64/jdk8u201/12317/hotspot/src/share/vm/classfile/systemDicti
Event: 7.547 Thread 0x00007f2264012000 Exception <a 'java/lang/ClassNotFoundException': com/topcoder/api/security/SimpleAuthenticationEntryPointBeanInfo> (0x00000000e0f8da68) thrown at [/HUDSON/workspace/8-2-build-linux-amd64/jdk8u201/12317/hotspot/src/share/vm/classfile/systemDictionary.cpp, 
Event: 7.547 Thread 0x00007f2264012000 Exception <a 'java/lang/ClassNotFoundException': com/topcoder/api/security/SimpleAuthenticationEntryPointCustomizer> (0x00000000e0fa8228) thrown at [/HUDSON/workspace/8-2-build-linux-amd64/jdk8u201/12317/hotspot/src/share/vm/classfile/systemDictionary.cpp
Event: 7.548 Thread 0x00007f2264012000 Exception <a 'java/lang/ClassNotFoundException': org/springframework/security/web/AuthenticationEntryPointCustomizer> (0x00000000e0fc6b40) thrown at [/HUDSON/workspace/8-2-build-linux-amd64/jdk8u201/12317/hotspot/src/share/vm/classfile/systemDictionary.cp
Event: 7.548 Thread 0x00007f2264012000 Exception <a 'java/lang/ClassNotFoundException': java/io/SerializableCustomizer> (0x00000000e0fd0780) thrown at [/HUDSON/workspace/8-2-build-linux-amd64/jdk8u201/12317/hotspot/src/share/vm/classfile/systemDictionary.cpp, line 210]
Event: 7.573 Thread 0x00007f2264012000 Exception <a 'java/lang/ClassNotFoundException': com/topcoder/scraper/config/WebClientConfig$$EnhancerBySpringCGLIB$$36f56a28BeanInfo> (0x00000000e10656e0) thrown at [/HUDSON/workspace/8-2-build-linux-amd64/jdk8u201/12317/hotspot/src/share/vm/classfile/sy
Event: 7.574 Thread 0x00007f2264012000 Exception <a 'java/lang/ClassNotFoundException': com/topcoder/scraper/config/WebClientConfigBeanInfo> (0x00000000e107d228) thrown at [/HUDSON/workspace/8-2-build-linux-amd64/jdk8u201/12317/hotspot/src/share/vm/classfile/systemDictionary.cpp, line 210]
Event: 7.574 Thread 0x00007f2264012000 Exception <a 'java/lang/ClassNotFoundException': com/topcoder/scraper/config/WebClientConfigCustomizer> (0x00000000e10952f0) thrown at [/HUDSON/workspace/8-2-build-linux-amd64/jdk8u201/12317/hotspot/src/share/vm/classfile/systemDictionary.cpp, line 210]
Event: 7.574 Thread 0x00007f2264012000 Exception <a 'java/lang/ClassNotFoundException': com/topcoder/scraper/config/WebClientConfig$$EnhancerBySpringCGLIB$$36f56a28Customizer> (0x00000000e10b8778) thrown at [/HUDSON/workspace/8-2-build-linux-amd64/jdk8u201/12317/hotspot/src/share/vm/classfile/
Event: 7.575 Thread 0x00007f2264012000 Exception <a 'java/lang/ClassNotFoundException': org/springframework/context/annotation/ConfigurationClassEnhancer$EnhancedConfigurationCustomizer> (0x00000000e10e3e38) thrown at [/HUDSON/workspace/8-2-build-linux-amd64/jdk8u201/12317/hotspot/src/share/vm

Events (10 events):
Event: 8.462 loading class com/gargoylesoftware/htmlunit/html/DomProcessingInstruction done
Event: 8.475 loading class org/w3c/dom/ProcessingInstruction
Event: 8.476 loading class org/w3c/dom/ProcessingInstruction done
Event: 8.477 loading class com/gargoylesoftware/htmlunit/javascript/background/JavaScriptJob
Event: 8.477 loading class com/gargoylesoftware/htmlunit/javascript/background/JavaScriptJob done
Event: 8.488 loading class com/gargoylesoftware/htmlunit/javascript/background/BasicJavaScriptJob
Event: 8.488 loading class com/gargoylesoftware/htmlunit/javascript/background/BasicJavaScriptJob done
Event: 8.502 loading class com/gargoylesoftware/htmlunit/javascript/host/Promise$3
Event: 8.502 loading class com/gargoylesoftware/htmlunit/javascript/host/Promise$3 done
Event: 8.547 Executing VM operation: ParallelGCFailedAllocation


Dynamic libraries:
00400000-00401000 r-xp 00000000 08:04 4335773                            /usr/lib/jvm/java-8-oracle/bin/java
00600000-00601000 r--p 00000000 08:04 4335773                            /usr/lib/jvm/java-8-oracle/bin/java
00601000-00602000 rw-p 00001000 08:04 4335773                            /usr/lib/jvm/java-8-oracle/bin/java
008e8000-00909000 rw-p 00000000 00:00 0                                  [heap]
84e00000-89600000 rw-p 00000000 00:00 0 
89600000-d6f80000 ---p 00000000 00:00 0 
d6f80000-e6180000 rw-p 00000000 00:00 0 
ecb00000-100000000 ---p 00000000 00:00 0 
100000000-100820000 rw-p 00000000 00:00 0 
100820000-140000000 ---p 00000000 00:00 0 
7f2208000000-7f2208034000 rw-p 00000000 00:00 0 
7f2208034000-7f220c000000 ---p 00000000 00:00 0 
7f220ddaa000-7f220ddea000 rw-p 00000000 00:00 0 
7f220ddea000-7f220dfaa000 ---p 00000000 00:00 0 
7f220dfaa000-7f220e1aa000 rw-p 00000000 00:00 0 
7f220e1aa000-7f220e3aa000 rw-p 00000000 00:00 0 
7f220e3aa000-7f220e5aa000 rw-p 00000000 00:00 0 
7f220e5aa000-7f220e7aa000 rw-p 00000000 00:00 0 
7f220e7aa000-7f220e9aa000 rw-p 00000000 00:00 0 
7f220e9aa000-7f220ebaa000 rw-p 00000000 00:00 0 
7f220ebaa000-7f220edaa000 rw-p 00000000 00:00 0 
7f220edaa000-7f220efaa000 rw-p 00000000 00:00 0 
7f220efaa000-7f220efc1000 r-xp 00000000 08:04 4194310                    /lib/x86_64-linux-gnu/libgcc_s.so.1
7f220efc1000-7f220f1c0000 ---p 00017000 08:04 4194310                    /lib/x86_64-linux-gnu/libgcc_s.so.1
7f220f1c0000-7f220f1c1000 r--p 00016000 08:04 4194310                    /lib/x86_64-linux-gnu/libgcc_s.so.1
7f220f1c1000-7f220f1c2000 rw-p 00017000 08:04 4194310                    /lib/x86_64-linux-gnu/libgcc_s.so.1
7f220f1c2000-7f220f1fa000 r-xp 00000000 08:04 532883                     /usr/lib/jvm/java-8-oracle/jre/lib/amd64/libsunec.so
7f220f1fa000-7f220f3f9000 ---p 00038000 08:04 532883                     /usr/lib/jvm/java-8-oracle/jre/lib/amd64/libsunec.so
7f220f3f9000-7f220f3fe000 r--p 00037000 08:04 532883                     /usr/lib/jvm/java-8-oracle/jre/lib/amd64/libsunec.so
7f220f3fe000-7f220f400000 rw-p 0003c000 08:04 532883                     /usr/lib/jvm/java-8-oracle/jre/lib/amd64/libsunec.so
7f220f400000-7f220f600000 rw-p 00000000 00:00 0 
7f220f600000-7f220f800000 rw-p 00000000 00:00 0 
7f220f800000-7f220fa00000 rw-p 00000000 00:00 0 
7f220fa00000-7f220fc00000 rw-p 00000000 00:00 0 
7f220fc00000-7f220fe00000 rw-p 00000000 00:00 0 
7f220fe00000-7f2210000000 rw-p 00000000 00:00 0 
7f2210000000-7f2210462000 rw-p 00000000 00:00 0 
7f2210462000-7f2214000000 ---p 00000000 00:00 0 
7f221413a000-7f22141d0000 r--s 0110e000 08:04 532779                     /usr/lib/jvm/java-8-oracle/jre/lib/ext/jfxrt.jar
7f22141d0000-7f22141e1000 r-xp 00000000 08:04 532935                     /usr/lib/jvm/java-8-oracle/jre/lib/amd64/libnio.so
7f22141e1000-7f22143e0000 ---p 00011000 08:04 532935                     /usr/lib/jvm/java-8-oracle/jre/lib/amd64/libnio.so
7f22143e0000-7f22143e1000 r--p 00010000 08:04 532935                     /usr/lib/jvm/java-8-oracle/jre/lib/amd64/libnio.so
7f22143e1000-7f22143e2000 rw-p 00011000 08:04 532935                     /usr/lib/jvm/java-8-oracle/jre/lib/amd64/libnio.so
7f22143e2000-7f22143e5000 ---p 00000000 00:00 0 
7f22143e5000-7f22146e3000 rw-p 00000000 00:00 0 
7f22146e3000-7f22148e3000 rw-p 00000000 00:00 0 
7f22148e3000-7f2214ae3000 rw-p 00000000 00:00 0 
7f2214ae3000-7f2214ce3000 rw-p 00000000 00:00 0 
7f2214ce3000-7f2214ce6000 ---p 00000000 00:00 0 
7f2214ce6000-7f2214de4000 rw-p 00000000 00:00 0 
7f2214de4000-7f2214dfb000 r-xp 00000000 08:04 4199436                    /lib/x86_64-linux-gnu/libresolv-2.27.so
7f2214dfb000-7f2214ffb000 ---p 00017000 08:04 4199436                    /lib/x86_64-linux-gnu/libresolv-2.27.so
7f2214ffb000-7f2214ffc000 r--p 00017000 08:04 4199436                    /lib/x86_64-linux-gnu/libresolv-2.27.so
7f2214ffc000-7f2214ffd000 rw-p 00018000 08:04 4199436                    /lib/x86_64-linux-gnu/libresolv-2.27.so
7f2214ffd000-7f2218000000 rw-p 00000000 00:00 0 
7f2218000000-7f2218021000 rw-p 00000000 00:00 0 
7f2218021000-7f221c000000 ---p 00000000 00:00 0 
7f221c000000-7f221c021000 rw-p 00000000 00:00 0 
7f221c021000-7f2220000000 ---p 00000000 00:00 0 
7f2220000000-7f2221c64000 rw-p 00000000 00:00 0 
7f2221c64000-7f2224000000 ---p 00000000 00:00 0 
7f2224000000-7f2225000000 rw-p 00000000 00:00 0 
7f2225000000-7f2228000000 ---p 00000000 00:00 0 
7f2228000000-7f2228021000 rw-p 00000000 00:00 0 
7f2228021000-7f222c000000 ---p 00000000 00:00 0 
7f222c000000-7f222da35000 rw-p 00000000 00:00 0 
7f222da35000-7f2230000000 ---p 00000000 00:00 0 
7f2230000000-7f2230021000 rw-p 00000000 00:00 0 
7f2230021000-7f2234000000 ---p 00000000 00:00 0 
7f2234000000-7f2234021000 rw-p 00000000 00:00 0 
7f2234021000-7f2238000000 ---p 00000000 00:00 0 
7f2238000000-7f223829b000 rw-p 00000000 00:00 0 
7f223829b000-7f223c000000 ---p 00000000 00:00 0 
7f223c000000-7f223c021000 rw-p 00000000 00:00 0 
7f223c021000-7f2240000000 ---p 00000000 00:00 0 
7f2240069000-7f224006e000 r-xp 00000000 08:04 4199386                    /lib/x86_64-linux-gnu/libnss_dns-2.27.so
7f224006e000-7f224026e000 ---p 00005000 08:04 4199386                    /lib/x86_64-linux-gnu/libnss_dns-2.27.so
7f224026e000-7f224026f000 r--p 00005000 08:04 4199386                    /lib/x86_64-linux-gnu/libnss_dns-2.27.so
7f224026f000-7f2240270000 rw-p 00006000 08:04 4199386                    /lib/x86_64-linux-gnu/libnss_dns-2.27.so
7f2240270000-7f2244000000 rw-p 00000000 00:00 0 
7f2244000000-7f2244021000 rw-p 00000000 00:00 0 
7f2244021000-7f2248000000 ---p 00000000 00:00 0 
7f2248000000-7f2248021000 rw-p 00000000 00:00 0 
7f2248021000-7f224c000000 ---p 00000000 00:00 0 
7f224c000000-7f224c021000 rw-p 00000000 00:00 0 
7f224c021000-7f2250000000 ---p 00000000 00:00 0 
7f2250023000-7f2250029000 r--s 0003f000 08:04 532786                     /usr/lib/jvm/java-8-oracle/jre/lib/ext/sunjce_provider.jar
7f2250029000-7f225002b000 r--s 00009000 08:04 532776                     /usr/lib/jvm/java-8-oracle/jre/lib/ext/sunec.jar
7f225002b000-7f225002f000 r--s 0003a000 08:04 532783                     /usr/lib/jvm/java-8-oracle/jre/lib/ext/sunpkcs11.jar
7f225002f000-7f2250031000 r-xp 00000000 08:04 4199394                    /lib/x86_64-linux-gnu/libnss_mdns4_minimal.so.2
7f2250031000-7f2250230000 ---p 00002000 08:04 4199394                    /lib/x86_64-linux-gnu/libnss_mdns4_minimal.so.2
7f2250230000-7f2250231000 r--p 00001000 08:04 4199394                    /lib/x86_64-linux-gnu/libnss_mdns4_minimal.so.2
7f2250231000-7f2250232000 rw-p 00002000 08:04 4199394                    /lib/x86_64-linux-gnu/libnss_mdns4_minimal.so.2
7f2250232000-7f2250236000 r--s 000a1000 08:04 4729102                    /usr/lib/jvm/java-8-oracle/jre/lib/jsse.jar
7f2250236000-7f225023b000 r--s 002f9000 08:04 4729090                    /usr/lib/jvm/java-8-oracle/jre/lib/charsets.jar
7f225023b000-7f225023e000 r--s 0001a000 08:04 4729108                    /usr/lib/jvm/java-8-oracle/jre/lib/jce.jar
7f225023e000-7f2250251000 r--s 00345000 08:04 4729101                    /usr/lib/jvm/java-8-oracle/jre/lib/resources.jar
7f2250251000-7f2250267000 r-xp 00000000 08:04 532932                     /usr/lib/jvm/java-8-oracle/jre/lib/amd64/libnet.so
7f2250267000-7f2250467000 ---p 00016000 08:04 532932                     /usr/lib/jvm/java-8-oracle/jre/lib/amd64/libnet.so
7f2250467000-7f2250468000 r--p 00016000 08:04 532932                     /usr/lib/jvm/java-8-oracle/jre/lib/amd64/libnet.so
7f2250468000-7f2250469000 rw-p 00017000 08:04 532932                     /usr/lib/jvm/java-8-oracle/jre/lib/amd64/libnet.so
7f2250469000-7f2250472000 r-xp 00000000 08:04 532940                     /usr/lib/jvm/java-8-oracle/jre/lib/amd64/libmanagement.so
7f2250472000-7f2250671000 ---p 00009000 08:04 532940                     /usr/lib/jvm/java-8-oracle/jre/lib/amd64/libmanagement.so
7f2250671000-7f2250672000 r--p 00008000 08:04 532940                     /usr/lib/jvm/java-8-oracle/jre/lib/amd64/libmanagement.so
7f2250672000-7f2250673000 rw-p 00009000 08:04 532940                     /usr/lib/jvm/java-8-oracle/jre/lib/amd64/libmanagement.so
7f2250673000-7f2250676000 r--s 00008000 08:04 401453                     /home/luke/.gradle/caches/modules-2/files-2.1/org.eclipse.jetty.websocket/websocket-api/9.4.6.v20170531/67e88613850da0aa0874e9b6bc2d7dd812968346/websocket-api-9.4.6.v20170531.jar
7f2250676000-7f225067a000 r--s 00025000 08:04 401452                     /home/luke/.gradle/caches/modules-2/files-2.1/org.eclipse.jetty/jetty-http/9.4.6.v20170531/6c2dd034fc4128ea65f2d0199473cbfb80aeb428/jetty-http-9.4.6.v20170531.jar
7f225067a000-7f2250681000 r--s 0003f000 08:04 401451                     /home/luke/.gradle/caches/modules-2/files-2.1/commons-codec/commons-codec/1.10/4b95f4897fa13f2cd904aee711aeafc0c5295cd8/commons-codec-1.10.jar
7f2250681000-7f2250689000 r--s 00048000 08:04 401450                     /home/luke/.gradle/caches/modules-2/files-2.1/org.apache.httpcomponents/httpcore/4.4.6/e3fd8ced1f52c7574af952e2e6da0df8df08eb82/httpcore-4.4.6.jar
7f2250689000-7f2250692000 r--s 0002d000 08:04 401449                     /home/luke/.gradle/caches/modules-2/files-2.1/xml-apis/xml-apis/1.4.01/3789d9fada2d3d458c4ba2de349d48780f381ee3/xml-apis-1.4.01.jar
7f2250692000-7f2250694000 r--s 0000a000 08:04 401448                     /home/luke/.gradle/caches/modules-2/files-2.1/org.apache.tomcat/tomcat-juli/8.5.20/6c0579d329696059f377585d2a51455bf083d9ee/tomcat-juli-8.5.20.jar
7f2250694000-7f2250699000 r--s 0002c000 08:04 401446                     /home/luke/.gradle/caches/modules-2/files-2.1/org.eclipse.jetty.websocket/websocket-common/9.4.6.v20170531/32ddd92bdb1b9351369b32d770667706c1a7fb67/websocket-common-9.4.6.v20170531.jar
7f2250699000-7f225069f000 r--s 0003c000 08:04 401445                     /home/luke/.gradle/caches/modules-2/files-2.1/org.eclipse.jetty/jetty-client/9.4.6.v20170531/ec4139632f338738124e1d77824e3b73be1c6f5f/jetty-client-9.4.6.v20170531.jar
7f225069f000-7f22506a2000 r--s 0001d000 08:04 401444                     /home/luke/.gradle/caches/modules-2/files-2.1/org.eclipse.jetty/jetty-io/9.4.6.v20170531/69cdaaac75739eff9ccb4c61f87e4fa3ba280f9/jetty-io-9.4.6.v20170531.jar
7f22506a2000-7f22506a9000 r--s 00069000 08:04 401443                     /home/luke/.gradle/caches/modules-2/files-2.1/org.eclipse.jetty/jetty-util/9.4.6.v20170531/78628ec5cfafbb5b8085342322515c65fadfa1cc/jetty-util-9.4.6.v20170531.jar
7f22506a9000-7f22506c2000 r--s 0013a000 08:04 401442                     /home/luke/.gradle/caches/modules-2/files-2.1/xerces/xercesImpl/2.12.0/f02c844149fd306601f20e0b34853a670bef7fa2/xercesImpl-2.12.0.jar
7f22506c2000-7f22506cf000 r--s 000aa000 08:04 401441                     /home/luke/.gradle/caches/modules-2/files-2.1/org.apache.httpcomponents/httpclient/4.5.3/d1577ae15f01ef5438c5afc62162457c00a34713/httpclient-4.5.3.jar
7f22506cf000-7f22506d3000 r--s 00040000 08:04 401440                     /home/luke/.gradle/caches/modules-2/files-2.1/xalan/serializer/2.7.2/24247f3bb052ee068971393bdb83e04512bb1c3c/serializer-2.7.2.jar
7f22506d3000-7f22506df000 r--s 00056000 08:04 393959                     /home/luke/.gradle/caches/modules-2/files-2.1/org.springframework.security/spring-security-core/4.2.3.RELEASE/5c0e47a47036c94d6fdd02696bf52be6d1adbd4d/spring-security-core-4.2.3.RELEASE.jar
7f22506df000-7f22506e4000 r--s 0003c000 08:04 401447                     /home/luke/.gradle/caches/modules-2/files-2.1/org.springframework/spring-expression/4.3.11.RELEASE/fca662a2fccdad90ec22b2aaecb021047dcbe249/spring-expression-4.3.11.RELEASE.jar
7f22506e4000-7f22506e6000 r--s 0000e000 08:04 393958                     /home/luke/.gradle/caches/modules-2/files-2.1/com.fasterxml/classmate/1.3.4/3d5f48f10bbe4eb7bd862f10c0583be2e0053c6/classmate-1.3.4.jar
7f22506e6000-7f22506ea000 r--s 0000c000 08:04 393957                     /home/luke/.gradle/caches/modules-2/files-2.1/javax.validation/validation-api/1.1.0.Final/8613ae82954779d518631e05daa73a6a954817d5/validation-api-1.1.0.Final.jar
7f22506ea000-7f22506ef000 r--s 00038000 08:04 393956                     /home/luke/.gradle/caches/modules-2/files-2.1/org.apache.tomcat.embed/tomcat-embed-websocket/8.5.20/4df9055507926a2651f691cc9964c50493a0ab29/tomcat-embed-websocket-8.5.20.jar
7f22506ef000-7f22506f4000 r--s 00036000 08:04 393955                     /home/luke/.gradle/caches/modules-2/files-2.1/org.apache.tomcat.embed/tomcat-embed-el/8.5.20/42960f481a8a80f4ffd3b865c2232820e3565bf1/tomcat-embed-el-8.5.20.jar
7f22506f4000-7f225071e000 r--s 002c4000 08:04 393954                     /home/luke/.gradle/caches/modules-2/files-2.1/org.apache.tomcat.embed/tomcat-embed-core/8.5.20/b9026ee20f1f6a2b0fc3e51dd806d800901448b0/tomcat-embed-core-8.5.20.jar
7f225071e000-7f2250729000 r--s 0006a000 08:04 401439                     /home/luke/.gradle/caches/modules-2/files-2.1/ch.qos.logback/logback-core/1.1.11/88b8df40340eed549fb07e2613879bf6b006704d/logback-core-1.1.11.jar
7f2250729000-7f225072b000 r--s 00009000 08:04 401438                     /home/luke/.gradle/caches/modules-2/files-2.1/org.slf4j/slf4j-api/1.7.25/da76ca59f6a57ee3102f8f9bd9cee742973efa8a/slf4j-api-1.7.25.jar
7f225072b000-7f2250739000 r--s 000ad000 08:04 401437                     /home/luke/.gradle/caches/modules-2/files-2.1/org.springframework/spring-beans/4.3.11.RELEASE/591cc35fd39292adae13f01aa13e978d0bb11936/spring-beans-4.3.11.RELEASE.jar
7f2250739000-7f2250741000 r--s 0003a000 08:04 401436                     /home/luke/.gradle/caches/modules-2/files-2.1/org.springframework/spring-tx/4.3.11.RELEASE/c931ee363d2269f03edfeb83d7d7fe23924ab8a1/spring-tx-4.3.11.RELEASE.jar
7f2250741000-7f225074b000 r--s 0006b000 08:04 401435                     /home/luke/.gradle/caches/modules-2/files-2.1/org.springframework/spring-orm/4.3.11.RELEASE/7ba1b25ad62b29295aa90ae88f9f35e84861953c/spring-orm-4.3.11.RELEASE.jar
7f225074b000-7f225075e000 r--s 000ad000 08:04 401434                     /home/luke/.gradle/caches/modules-2/files-2.1/org.springframework.data/spring-data-commons/1.13.7.RELEASE/cf4538abda1f0a9cf2323d6e4204df0130aeec73/spring-data-commons-1.13.7.RELEASE.jar
7f225075e000-7f2250761000 r--s 00010000 08:04 401433                     /home/luke/.gradle/caches/modules-2/files-2.1/org.hibernate.common/hibernate-commons-annotations/5.0.1.Final/71e1cff3fcb20d3b3af4f3363c3ddb24d33c6879/hibernate-commons-annotations-5.0.1.Final.jar
7f2250761000-7f2250766000 r--s 00048000 08:04 401432                     /home/luke/.gradle/caches/modules-2/files-2.1/dom4j/dom4j/1.6.1/5d3ccc056b6f056dbf0dddfdf43894b9065a8f94/dom4j-1.6.1.jar
7f2250766000-7f2250769000 r--s 0002b000 08:04 401431                     /home/luke/.gradle/caches/modules-2/files-2.1/org.jboss/jandex/2.0.0.Final/3e899258936f94649c777193e1be846387ed54b3/jandex-2.0.0.Final.jar
7f2250769000-7f225076e000 r--s 00068000 08:04 401430                     /home/luke/.gradle/caches/modules-2/files-2.1/antlr/antlr/2.7.7/83cd2cd674a217ade95a4bb83a8a14f351f48bd0/antlr-2.7.7.jar
7f225076e000-7f2250778000 r--s 000aa000 08:04 401429                     /home/luke/.gradle/caches/modules-2/files-2.1/org.javassist/javassist/3.21.0-GA/598244f595db5c5fb713731eddbb1c91a58d959b/javassist-3.21.0-GA.jar
7f2250778000-7f225077d000 r--s 00017000 08:04 401428                     /home/luke/.gradle/caches/modules-2/files-2.1/org.hibernate.javax.persistence/hibernate-jpa-2.1-api/1.0.0.Final/5e731d961297e5a07290bfaf3db1fbc8bbbf405a/hibernate-jpa-2.1-api-1.0.0.Final.jar
7f225077d000-7f2250780000 r--s 0000e000 08:04 401427                     /home/luke/.gradle/caches/modules-2/files-2.1/org.jboss.logging/jboss-logging/3.3.1.Final/c46217ab74b532568c0ed31dc599db3048bd1b67/jboss-logging-3.3.1.Final.jar
7f2250780000-7f225078a000 r--s 0005f000 08:04 401426                     /home/luke/.gradle/caches/modules-2/files-2.1/org.springframework/spring-jdbc/4.3.11.RELEASE/642ed7497d327f299caccb930af6b65e229864c4/spring-jdbc-4.3.11.RELEASE.jar
7f225078a000-7f225078d000 r--s 00021000 08:04 401425                     /home/luke/.gradle/caches/modules-2/files-2.1/org.apache.tomcat/tomcat-jdbc/8.5.20/10d0d288d837ddfc92096920e4571054a3934160/tomcat-jdbc-8.5.20.jar
7f225078d000-7f22507a5000 r--s 001bf000 08:04 401424                     /home/luke/.gradle/caches/modules-2/files-2.1/org.aspectj/aspectjweaver/1.8.10/e198c5fee28988c355f74e06461614eae36b2032/aspectjweaver-1.8.10.jar
7f22507a5000-7f22507be000 r--s 000fe000 08:04 401422                     /home/luke/.gradle/caches/modules-2/files-2.1/org.springframework/spring-context/4.3.11.RELEASE/3efec2d7c7469d49108a2b21c3f15831f7297569/spring-context-4.3.11.RELEASE.jar
7f22507be000-7f22507ce000 r--s 0014c000 08:04 401497                     /home/luke/.gradle/caches/modules-2/files-2.1/com.google.protobuf/protobuf-java/3.6.1/d06d46ecfd92ec6d0f3b423b4cd81cb38d8b924/protobuf-java-3.6.1.jar
7f22507ce000-7f22507d0000 r--s 00007000 08:04 401420                     /home/luke/.gradle/caches/modules-2/files-2.1/org.eclipse.jetty.websocket/websocket-client/9.4.6.v20170531/7abf96c2a2afa5966fea35375fc0280e1365b8eb/websocket-client-9.4.6.v20170531.jar
7f22507d0000-7f22507d6000 r--s 00046000 08:04 401419                     /home/luke/.gradle/caches/modules-2/files-2.1/commons-net/commons-net/3.6/b71de00508dcb078d2b24b5fa7e538636de9b3da/commons-net-3.6.jar
7f22507d6000-7f22507da000 r--s 00031000 08:04 401418                     /home/luke/.gradle/caches/modules-2/files-2.1/commons-io/commons-io/2.6/815893df5f31da2ece4040fe0a12fd44b577afaf/commons-io-2.6.jar
7f22507da000-7f22507dd000 r--s 00031000 08:04 401417                     /home/luke/.gradle/caches/modules-2/files-2.1/net.sourceforge.htmlunit/htmlunit-cssparser/1.2.0/ffd4183dd840ab2ab7e279ca0ad12743966d3df/htmlunit-cssparser-1.2.0.jar
7f22507dd000-7f22507df000 r--s 00016000 08:04 401416                     /home/luke/.gradle/caches/modules-2/files-2.1/net.sourceforge.htmlunit/neko-htmlunit/2.33/51d0a7d6c9dbc4d26a3fb927f158ec32f329924/neko-htmlunit-2.33.jar
7f22507df000-7f22507ee000 r--s 00112000 08:04 401415                     /home/luke/.gradle/caches/modules-2/files-2.1/net.sourceforge.htmlunit/htmlunit-core-js/2.33/3a5a81ed89551aee471c5cd072c54efdb8b43939/htmlunit-core-js-2.33.jar
7f22507ee000-7f22507f0000 r--s 00009000 08:04 401414                     /home/luke/.gradle/caches/modules-2/files-2.1/org.apache.httpcomponents/httpmime/4.5.3/889fd6d061bb63b99dd5c6aba35a555ae863de52/httpmime-4.5.3.jar
7f22507f0000-7f22507f4000 r--s 00029000 08:04 401413                     /home/luke/.gradle/caches/modules-2/files-2.1/org.apache.commons/commons-text/1.4/680b74de9c393bbf8d9e951af301659b16845907/commons-text-1.4.jar
7f22507f4000-7f22507fc000 r--s 00073000 08:04 401412                     /home/luke/.gradle/caches/modules-2/files-2.1/org.apache.commons/commons-lang3/3.8/222fc4cf714a63f27cbdafdbd863efd0d30c8a1e/commons-lang3-3.8.jar
7f22507fc000-7f2250821000 r--s 002de000 08:04 401411                     /home/luke/.gradle/caches/modules-2/files-2.1/xalan/xalan/2.7.2/d55d3f02a56ec4c25695fe67e1334ff8c2ecea23/xalan-2.7.2.jar
7f2250821000-7f225082c000 r--s 00053000 08:04 393953                     /home/luke/.gradle/caches/modules-2/files-2.1/org.springframework.security/spring-security-web/4.2.3.RELEASE/7a03e737484ca232d7146852f06d067ac21427ac/spring-security-web-4.2.3.RELEASE.jar
7f225082c000-7f2250836000 r--s 00086000 08:04 393952                     /home/luke/.gradle/caches/modules-2/files-2.1/org.springframework.security/spring-security-config/4.2.3.RELEASE/9f3771903616e33521836fd999d63efbfebf90d/spring-security-config-4.2.3.RELEASE.jar
7f2250836000-7f225083f000 r--s 00054000 08:04 401423                     /home/luke/.gradle/caches/modules-2/files-2.1/org.springframework/spring-aop/4.3.11.RELEASE/461d0bb58f1de30203d9331adf4b51de9554de5a/spring-aop-4.3.11.RELEASE.jar
7f225083f000-7f2250850000 r--s 000cf000 08:04 393951                     /home/luke/.gradle/caches/modules-2/files-2.1/org.springframework/spring-webmvc/4.3.11.RELEASE/814f91ec4dc324e724bbe7cbc5045b234604c539/spring-webmvc-4.3.11.RELEASE.jar
7f2250850000-7f2250861000 r--s 000b8000 08:04 393950                     /home/luke/.gradle/caches/modules-2/files-2.1/org.springframework/spring-web/4.3.11.RELEASE/50a3dfce550bdf9459dfb2c6282aa104b040258e/spring-web-4.3.11.RELEASE.jar
7f2250861000-7f2250872000 r--s 000a1000 08:04 393949                     /home/luke/.gradle/caches/modules-2/files-2.1/org.hibernate/hibernate-validator/5.3.5.Final/622a9bcef2eed6d41b5b8e0662c36212009e375/hibernate-validator-5.3.5.Final.jar
7f2250872000-7f2250873000 r--s 00000000 08:04 393948                     /home/luke/.gradle/caches/modules-2/files-2.1/org.springframework.boot/spring-boot-starter-tomcat/1.5.7.RELEASE/eae533e2a0111a51d812912acb3d3e2368736d1b/spring-boot-starter-tomcat-1.5.7.RELEASE.jar
7f2250873000-7f2250874000 r--s 00004000 08:04 401410                     /home/luke/.gradle/caches/modules-2/files-2.1/com.vaadin.external.google/android-json/0.0.20131108.vaadin1/fa26d351fe62a6a17f5cda1287c1c6110dec413f/android-json-0.0.20131108.vaadin1.jar
7f2250874000-7f2250876000 r--s 00004000 08:04 401409                     /home/luke/.gradle/caches/modules-2/files-2.1/org.slf4j/log4j-over-slf4j/1.7.25/a87bb47468f47ee7aabbd54f93e133d4215769c3/log4j-over-slf4j-1.7.25.jar
7f2250876000-7f2250878000 r--s 00000000 08:04 401408                     /home/luke/.gradle/caches/modules-2/files-2.1/org.slf4j/jul-to-slf4j/1.7.25/af5364cd6679bfffb114f0dec8a157aaa283b76/jul-to-slf4j-1.7.25.jar
7f2250878000-7f225087f000 r--s 00045000 08:04 401406                     /home/luke/.gradle/caches/modules-2/files-2.1/ch.qos.logback/logback-classic/1.1.11/ccedfbacef4a6515d2983e3f89ed753d5d4fb665/logback-classic-1.1.11.jar
7f225087f000-7f2250886000 r--s 00040000 08:04 401404                     /home/luke/.gradle/caches/modules-2/files-2.1/org.springframework.data/spring-data-jpa/1.11.7.RELEASE/587051cc7d7a3ddfac6098d623a658abb2f15865/spring-data-jpa-1.11.7.RELEASE.jar
7f2250886000-7f2250893000 r--s 00089000 08:04 401402                     /home/luke/.gradle/caches/modules-2/files-2.1/org.hibernate/hibernate-entitymanager/5.0.12.Final/302a526f5058290e9cbd719a5caf9f248d344719/hibernate-entitymanager-5.0.12.Final.jar
7f2250893000-7f22508fc000 r--s 004f3000 08:04 401401                     /home/luke/.gradle/caches/modules-2/files-2.1/org.hibernate/hibernate-core/5.0.12.Final/e58bf1c660e6706d8e2cbb53bae110f574366102/hibernate-core-5.0.12.Final.jar
7f22508fc000-7f2250902000 r--s 0003d000 08:04 401398                     /home/luke/.gradle/caches/modules-2/files-2.1/org.yaml/snakeyaml/1.17/7a27ea250c5130b2922b86dea63cbb1cc10a660c/snakeyaml-1.17.jar
7f2250902000-7f2250919000 r--s 000fc000 08:04 400360                     /home/luke/.gradle/caches/modules-2/files-2.1/org.springframework/spring-core/4.3.11.RELEASE/eb30ed093f628279d3aead068fd478fa343f1dad/spring-core-4.3.11.RELEASE.jar
7f2250919000-7f2250939000 r--s 000e6000 08:04 401397                     /home/luke/.gradle/caches/modules-2/files-2.1/org.springframework.boot/spring-boot-autoconfigure/1.5.7.RELEASE/e83f1407ff991e9e7eb156f49fa19d868bb73289/spring-boot-autoconfigure-1.5.7.RELEASE.jar
7f2250939000-7f2250949000 r--s 00095000 08:04 401396                     /home/luke/.gradle/caches/modules-2/files-2.1/org.springframework.boot/spring-boot/1.5.7.RELEASE/1006870df7b3dc203df7ce84463c5dd7049fdaa4/spring-boot-1.5.7.RELEASE.jar
7f2250949000-7f2250960000 r--s 001f2000 08:04 401495                     /home/luke/.gradle/caches/modules-2/files-2.1/mysql/mysql-connector-java/8.0.13/28015319e44ff50a8fee655e725fefc4990abeb1/mysql-connector-java-8.0.13.jar
7f2250960000-7f2250986000 r--s 001c4000 08:04 401389                     /home/luke/.gradle/caches/modules-2/files-2.1/net.sourceforge.htmlunit/htmlunit/2.33/9c84a0db5c8dac8adfd3d9af8b6f671fb5bfe652/htmlunit-2.33.jar
7f2250986000-7f225099d000 r--s 0018d000 08:04 393947                     /home/luke/.gradle/caches/modules-2/files-2.1/org.projectlombok/lombok/1.18.6/616105b0831250a2e443447508e6a8b26bc466fb/lombok-1.18.6.jar
7f225099d000-7f225099e000 ---p 00000000 00:00 0 
7f225099e000-7f2250a9e000 rw-p 00000000 00:00 0 
7f2250a9e000-7f2250aa1000 ---p 00000000 00:00 0 
7f2250aa1000-7f2250b9f000 rw-p 00000000 00:00 0 
7f2250b9f000-7f2250ba0000 ---p 00000000 00:00 0 
7f2250ba0000-7f2250ba3000 ---p 00000000 00:00 0 
7f2250ba3000-7f2250ca0000 rw-p 00000000 00:00 0 
7f2250ca0000-7f2250ca1000 ---p 00000000 00:00 0 
7f2250ca1000-7f2250ca4000 ---p 00000000 00:00 0 
7f2250ca4000-7f2250da1000 rw-p 00000000 00:00 0 
7f2250da1000-7f2250da2000 ---p 00000000 00:00 0 
7f2250da2000-7f2250da5000 ---p 00000000 00:00 0 
7f2250da5000-7f2250ea2000 rw-p 00000000 00:00 0 
7f2250ea2000-7f2250ea5000 ---p 00000000 00:00 0 
7f2250ea5000-7f2250fa3000 rw-p 00000000 00:00 0 
7f2250fa3000-7f22519e6000 r--p 00000000 08:04 2234866                    /usr/lib/locale/locale-archive
7f22519e6000-7f22519e9000 ---p 00000000 00:00 0 
7f22519e9000-7f2251ae7000 rw-p 00000000 00:00 0 
7f2251ae7000-7f2251aea000 ---p 00000000 00:00 0 
7f2251aea000-7f2251be8000 rw-p 00000000 00:00 0 
7f2251be8000-7f2251be9000 ---p 00000000 00:00 0 
7f2251be9000-7f2252ccb000 rw-p 00000000 00:00 0 
7f2252ccb000-7f2252ea5000 r--s 03d6f000 08:04 4729092                    /usr/lib/jvm/java-8-oracle/jre/lib/rt.jar
7f2252ea5000-7f2253a7e000 rw-p 00000000 00:00 0 
7f2253a7e000-7f2253a7f000 ---p 00000000 00:00 0 
7f2253a7f000-7f2253b7f000 rw-p 00000000 00:00 0 
7f2253b7f000-7f2253b80000 ---p 00000000 00:00 0 
7f2253b80000-7f2253c80000 rw-p 00000000 00:00 0 
7f2253c80000-7f2253c81000 ---p 00000000 00:00 0 
7f2253c81000-7f2253da5000 rw-p 00000000 00:00 0 
7f2253da5000-7f2254012000 ---p 00000000 00:00 0 
7f2254012000-7f2254036000 rw-p 00000000 00:00 0 
7f2254036000-7f22542a2000 ---p 00000000 00:00 0 
7f22542a2000-7f225431c000 rw-p 00000000 00:00 0 
7f225431c000-7f22543eb000 ---p 00000000 00:00 0 
7f22543eb000-7f225442c000 rw-p 00000000 00:00 0 
7f225442c000-7f22547ac000 ---p 00000000 00:00 0 
7f22547ac000-7f225577c000 rwxp 00000000 00:00 0 
7f225577c000-7f22637ac000 ---p 00000000 00:00 0 
7f22637ac000-7f22637c7000 r-xp 00000000 08:04 532928                     /usr/lib/jvm/java-8-oracle/jre/lib/amd64/libzip.so
7f22637c7000-7f22639c6000 ---p 0001b000 08:04 532928                     /usr/lib/jvm/java-8-oracle/jre/lib/amd64/libzip.so
7f22639c6000-7f22639c7000 r--p 0001a000 08:04 532928                     /usr/lib/jvm/java-8-oracle/jre/lib/amd64/libzip.so
7f22639c7000-7f22639c8000 rw-p 0001b000 08:04 532928                     /usr/lib/jvm/java-8-oracle/jre/lib/amd64/libzip.so
7f22639c8000-7f22639d3000 r-xp 00000000 08:04 4199388                    /lib/x86_64-linux-gnu/libnss_files-2.27.so
7f22639d3000-7f2263bd2000 ---p 0000b000 08:04 4199388                    /lib/x86_64-linux-gnu/libnss_files-2.27.so
7f2263bd2000-7f2263bd3000 r--p 0000a000 08:04 4199388                    /lib/x86_64-linux-gnu/libnss_files-2.27.so
7f2263bd3000-7f2263bd4000 rw-p 0000b000 08:04 4199388                    /lib/x86_64-linux-gnu/libnss_files-2.27.so
7f2263bd4000-7f2263bda000 rw-p 00000000 00:00 0 
7f2263bda000-7f2263bf1000 r-xp 00000000 08:04 4199382                    /lib/x86_64-linux-gnu/libnsl-2.27.so
7f2263bf1000-7f2263df0000 ---p 00017000 08:04 4199382                    /lib/x86_64-linux-gnu/libnsl-2.27.so
7f2263df0000-7f2263df1000 r--p 00016000 08:04 4199382                    /lib/x86_64-linux-gnu/libnsl-2.27.so
7f2263df1000-7f2263df2000 rw-p 00017000 08:04 4199382                    /lib/x86_64-linux-gnu/libnsl-2.27.so
7f2263df2000-7f2263df4000 rw-p 00000000 00:00 0 
7f2263df4000-7f2263dff000 r-xp 00000000 08:04 4199398                    /lib/x86_64-linux-gnu/libnss_nis-2.27.so
7f2263dff000-7f2263ffe000 ---p 0000b000 08:04 4199398                    /lib/x86_64-linux-gnu/libnss_nis-2.27.so
7f2263ffe000-7f2263fff000 r--p 0000a000 08:04 4199398                    /lib/x86_64-linux-gnu/libnss_nis-2.27.so
7f2263fff000-7f2264000000 rw-p 0000b000 08:04 4199398                    /lib/x86_64-linux-gnu/libnss_nis-2.27.so
7f2264000000-7f2265732000 rw-p 00000000 00:00 0 
7f2265732000-7f2268000000 ---p 00000000 00:00 0 
7f2268000000-7f2268002000 r--s 00003000 08:04 401407                     /home/luke/.gradle/caches/modules-2/files-2.1/org.slf4j/jcl-over-slf4j/1.7.25/f8c32b13ff142a513eeb5b6330b1588dcb2c0461/jcl-over-slf4j-1.7.25.jar
7f2268002000-7f2268015000 r--s 00137000 08:04 401393                     /home/luke/.gradle/caches/modules-2/files-2.1/com.fasterxml.jackson.core/jackson-databind/2.9.7/e6faad47abd3179666e89068485a1b88a195ceb7/jackson-databind-2.9.7.jar
7f2268015000-7f226808b000 rw-p 00000000 00:00 0 
7f226808b000-7f226808c000 ---p 00000000 00:00 0 
7f226808c000-7f226818c000 rw-p 00000000 00:00 0 
7f226818c000-7f2268194000 r-xp 00000000 08:04 4199384                    /lib/x86_64-linux-gnu/libnss_compat-2.27.so
7f2268194000-7f2268394000 ---p 00008000 08:04 4199384                    /lib/x86_64-linux-gnu/libnss_compat-2.27.so
7f2268394000-7f2268395000 r--p 00008000 08:04 4199384                    /lib/x86_64-linux-gnu/libnss_compat-2.27.so
7f2268395000-7f2268396000 rw-p 00009000 08:04 4199384                    /lib/x86_64-linux-gnu/libnss_compat-2.27.so
7f2268396000-7f22683c2000 r-xp 00000000 08:04 532922                     /usr/lib/jvm/java-8-oracle/jre/lib/amd64/libjava.so
7f22683c2000-7f22685c2000 ---p 0002c000 08:04 532922                     /usr/lib/jvm/java-8-oracle/jre/lib/amd64/libjava.so
7f22685c2000-7f22685c3000 r--p 0002c000 08:04 532922                     /usr/lib/jvm/java-8-oracle/jre/lib/amd64/libjava.so
7f22685c3000-7f22685c5000 rw-p 0002d000 08:04 532922                     /usr/lib/jvm/java-8-oracle/jre/lib/amd64/libjava.so
7f22685c5000-7f22685d2000 r-xp 00000000 08:04 532927                     /usr/lib/jvm/java-8-oracle/jre/lib/amd64/libverify.so
7f22685d2000-7f22687d1000 ---p 0000d000 08:04 532927                     /usr/lib/jvm/java-8-oracle/jre/lib/amd64/libverify.so
7f22687d1000-7f22687d3000 r--p 0000c000 08:04 532927                     /usr/lib/jvm/java-8-oracle/jre/lib/amd64/libverify.so
7f22687d3000-7f22687d4000 rw-p 0000e000 08:04 532927                     /usr/lib/jvm/java-8-oracle/jre/lib/amd64/libverify.so
7f22687d4000-7f22687db000 r-xp 00000000 08:04 4199438                    /lib/x86_64-linux-gnu/librt-2.27.so
7f22687db000-7f22689da000 ---p 00007000 08:04 4199438                    /lib/x86_64-linux-gnu/librt-2.27.so
7f22689da000-7f22689db000 r--p 00006000 08:04 4199438                    /lib/x86_64-linux-gnu/librt-2.27.so
7f22689db000-7f22689dc000 rw-p 00007000 08:04 4199438                    /lib/x86_64-linux-gnu/librt-2.27.so
7f22689dc000-7f2268b79000 r-xp 00000000 08:04 4199361                    /lib/x86_64-linux-gnu/libm-2.27.so
7f2268b79000-7f2268d78000 ---p 0019d000 08:04 4199361                    /lib/x86_64-linux-gnu/libm-2.27.so
7f2268d78000-7f2268d79000 r--p 0019c000 08:04 4199361                    /lib/x86_64-linux-gnu/libm-2.27.so
7f2268d79000-7f2268d7a000 rw-p 0019d000 08:04 4199361                    /lib/x86_64-linux-gnu/libm-2.27.so
7f2268d7a000-7f2269a62000 r-xp 00000000 08:04 532904                     /usr/lib/jvm/java-8-oracle/jre/lib/amd64/server/libjvm.so
7f2269a62000-7f2269c61000 ---p 00ce8000 08:04 532904                     /usr/lib/jvm/java-8-oracle/jre/lib/amd64/server/libjvm.so
7f2269c61000-7f2269cf7000 r--p 00ce7000 08:04 532904                     /usr/lib/jvm/java-8-oracle/jre/lib/amd64/server/libjvm.so
7f2269cf7000-7f2269d28000 rw-p 00d7d000 08:04 532904                     /usr/lib/jvm/java-8-oracle/jre/lib/amd64/server/libjvm.so
7f2269d28000-7f2269d63000 rw-p 00000000 00:00 0 
7f2269d63000-7f2269f4a000 r-xp 00000000 08:04 4199298                    /lib/x86_64-linux-gnu/libc-2.27.so
7f2269f4a000-7f226a14a000 ---p 001e7000 08:04 4199298                    /lib/x86_64-linux-gnu/libc-2.27.so
7f226a14a000-7f226a14e000 r--p 001e7000 08:04 4199298                    /lib/x86_64-linux-gnu/libc-2.27.so
7f226a14e000-7f226a150000 rw-p 001eb000 08:04 4199298                    /lib/x86_64-linux-gnu/libc-2.27.so
7f226a150000-7f226a154000 rw-p 00000000 00:00 0 
7f226a154000-7f226a157000 r-xp 00000000 08:04 4199321                    /lib/x86_64-linux-gnu/libdl-2.27.so
7f226a157000-7f226a356000 ---p 00003000 08:04 4199321                    /lib/x86_64-linux-gnu/libdl-2.27.so
7f226a356000-7f226a357000 r--p 00002000 08:04 4199321                    /lib/x86_64-linux-gnu/libdl-2.27.so
7f226a357000-7f226a358000 rw-p 00003000 08:04 4199321                    /lib/x86_64-linux-gnu/libdl-2.27.so
7f226a358000-7f226a36f000 r-xp 00000000 08:04 4466231                    /usr/lib/jvm/java-8-oracle/lib/amd64/jli/libjli.so
7f226a36f000-7f226a56e000 ---p 00017000 08:04 4466231                    /usr/lib/jvm/java-8-oracle/lib/amd64/jli/libjli.so
7f226a56e000-7f226a56f000 r--p 00016000 08:04 4466231                    /usr/lib/jvm/java-8-oracle/lib/amd64/jli/libjli.so
7f226a56f000-7f226a570000 rw-p 00017000 08:04 4466231                    /usr/lib/jvm/java-8-oracle/lib/amd64/jli/libjli.so
7f226a570000-7f226a58a000 r-xp 00000000 08:04 4199430                    /lib/x86_64-linux-gnu/libpthread-2.27.so
7f226a58a000-7f226a789000 ---p 0001a000 08:04 4199430                    /lib/x86_64-linux-gnu/libpthread-2.27.so
7f226a789000-7f226a78a000 r--p 00019000 08:04 4199430                    /lib/x86_64-linux-gnu/libpthread-2.27.so
7f226a78a000-7f226a78b000 rw-p 0001a000 08:04 4199430                    /lib/x86_64-linux-gnu/libpthread-2.27.so
7f226a78b000-7f226a78f000 rw-p 00000000 00:00 0 
7f226a78f000-7f226a7b6000 r-xp 00000000 08:04 4199270                    /lib/x86_64-linux-gnu/ld-2.27.so
7f226a7b6000-7f226a7b9000 r--s 0000c000 08:04 401405                     /home/luke/.gradle/caches/modules-2/files-2.1/org.springframework/spring-aspects/4.3.11.RELEASE/38ab744d37aef58762a03dbe7ab1479070ebadc6/spring-aspects-4.3.11.RELEASE.jar
7f226a7b9000-7f226a7bb000 r--s 00006000 08:04 401403                     /home/luke/.gradle/caches/modules-2/files-2.1/javax.transaction/javax.transaction-api/1.2/d81aff979d603edd90dcd8db2abc1f4ce6479e3e/javax.transaction-api-1.2.jar
7f226a7bb000-7f226a7c7000 r--s 00071000 08:04 401496                     /home/luke/.gradle/caches/modules-2/files-2.1/org.flywaydb/flyway-core/5.2.4/50a92d39554615bd4ff56d148a359b20dc17f655/flyway-core-5.2.4.jar
7f226a7c7000-7f226a892000 rw-p 00000000 00:00 0 
7f226a892000-7f226a893000 ---p 00000000 00:00 0 
7f226a893000-7f226a896000 ---p 00000000 00:00 0 
7f226a896000-7f226a997000 rw-p 00000000 00:00 0 
7f226a997000-7f226a998000 r--s 00000000 08:04 401400                     /home/luke/.gradle/caches/modules-2/files-2.1/org.springframework.boot/spring-boot-starter-jdbc/1.5.7.RELEASE/98c652a5461ccbec70b55fd0f7815d9c9a37a082/spring-boot-starter-jdbc-1.5.7.RELEASE.jar
7f226a998000-7f226a999000 r--s 00000000 08:04 401399                     /home/luke/.gradle/caches/modules-2/files-2.1/org.springframework.boot/spring-boot-starter-aop/1.5.7.RELEASE/189098a72ccc0cca07ea42d6715c10524b5a93d1/spring-boot-starter-aop-1.5.7.RELEASE.jar
7f226a999000-7f226a99d000 r--s 0004c000 08:04 401395                     /home/luke/.gradle/caches/modules-2/files-2.1/com.fasterxml.jackson.core/jackson-core/2.9.7/4b7f0e0dc527fab032e9800ed231080fdc3ac015/jackson-core-2.9.7.jar
7f226a99d000-7f226a9a0000 r--s 0000e000 08:04 401394                     /home/luke/.gradle/caches/modules-2/files-2.1/com.fasterxml.jackson.core/jackson-annotations/2.9.7/4b838e5c4fc17ac02f3293e9a558bb781a51c46d/jackson-annotations-2.9.7.jar
7f226a9a0000-7f226a9a5000 r--s 00036000 08:04 401390                     /home/luke/.gradle/caches/modules-2/files-2.1/com.google.code.gson/gson/2.8.5/f645ed69d595b24d4cf8b3fbb64cc505bede8829/gson-2.8.5.jar
7f226a9a5000-7f226a9a6000 r--s 00000000 08:04 393946                     /home/luke/.gradle/caches/modules-2/files-2.1/org.springframework.boot/spring-boot-starter-security/1.5.7.RELEASE/e680aa1a8990a6e98e7a843c88f0a8bc378bb4d/spring-boot-starter-security-1.5.7.RELEASE.jar
7f226a9a6000-7f226a9a7000 r--s 00000000 08:04 393945                     /home/luke/.gradle/caches/modules-2/files-2.1/org.springframework.boot/spring-boot-starter-web/1.5.7.RELEASE/a862305be8b7512a41f6768d825ed37251ccbbe0/spring-boot-starter-web-1.5.7.RELEASE.jar
7f226a9a7000-7f226a9a9000 r--s 0000d000 08:04 401388                     /home/luke/.gradle/caches/modules-2/files-2.1/org.springframework.boot/spring-boot-configuration-processor/1.5.7.RELEASE/6496f5fc2d270bdd93770ba0a23a996282b04f52/spring-boot-configuration-processor-1.5.7.RELEASE.jar
7f226a9a9000-7f226a9aa000 r--s 00000000 08:04 401387                     /home/luke/.gradle/caches/modules-2/files-2.1/org.springframework.boot/spring-boot-starter-logging/1.5.7.RELEASE/c84c4ea09d7f789a0d5e936a961471e5dbd9295e/spring-boot-starter-logging-1.5.7.RELEASE.jar
7f226a9aa000-7f226a9ab000 r--s 00000000 08:04 401386                     /home/luke/.gradle/caches/modules-2/files-2.1/org.springframework.boot/spring-boot-starter-data-jpa/1.5.7.RELEASE/ccdf14487724b7c1343e5d2605f7170c026e405/spring-boot-starter-data-jpa-1.5.7.RELEASE.jar
7f226a9ab000-7f226a9ac000 r--s 00000000 08:04 401385                     /home/luke/.gradle/caches/modules-2/files-2.1/org.springframework.boot/spring-boot-starter/1.5.7.RELEASE/b42fe6962dd8b3be4ac8c1d7134d0ca2d0a35c7e/spring-boot-starter-1.5.7.RELEASE.jar
7f226a9ac000-7f226a9b4000 rw-s 00000000 08:04 396229                     /tmp/hsperfdata_luke/22740
7f226a9b4000-7f226a9b5000 rw-p 00000000 00:00 0 
7f226a9b5000-7f226a9b6000 ---p 00000000 00:00 0 
7f226a9b6000-7f226a9b7000 r--p 00027000 08:04 4199270                    /lib/x86_64-linux-gnu/ld-2.27.so
7f226a9b7000-7f226a9b8000 rw-p 00028000 08:04 4199270                    /lib/x86_64-linux-gnu/ld-2.27.so
7f226a9b8000-7f226a9b9000 rw-p 00000000 00:00 0 
7ffcb9e4d000-7ffcb9e72000 rw-p 00000000 00:00 0                          [stack]
7ffcb9ea7000-7ffcb9eaa000 r--p 00000000 00:00 0                          [vvar]
7ffcb9eaa000-7ffcb9eac000 r-xp 00000000 00:00 0                          [vdso]
ffffffffff600000-ffffffffff601000 r-xp 00000000 00:00 0                  [vsyscall]

VM Arguments:
jvm_args: -Dfile.encoding=UTF-8 -Duser.country=US -Duser.language=en -Duser.variant 
java_command: com.topcoder.Application --batch=purchase_history
java_class_path (initial): /home/luke/Downloads/web-scraper/web-scraper-develop/build/classes/main:/home/luke/Downloads/web-scraper/web-scraper-develop/build/resources/main:/home/luke/.gradle/caches/modules-2/files-2.1/org.springframework.boot/spring-boot-starter/1.5.7.RELEASE/b42fe6962dd8b3be4ac8c1d7134d0ca2d0a35c7e/spring-boot-starter-1.5.7.RELEASE.jar:/home/luke/.gradle/caches/modules-2/files-2.1/org.springframework.boot/spring-boot-starter-data-jpa/1.5.7.RELEASE/ccdf14487724b7c1343e5d2605f7170c026e405/spring-boot-starter-data-jpa-1.5.7.RELEASE.jar:/home/luke/.gradle/caches/modules-2/files-2.1/org.springframework.boot/spring-boot-starter-logging/1.5.7.RELEASE/c84c4ea09d7f789a0d5e936a961471e5dbd9295e/spring-boot-starter-logging-1.5.7.RELEASE.jar:/home/luke/.gradle/caches/modules-2/files-2.1/org.springframework.boot/spring-boot-configuration-processor/1.5.7.RELEASE/6496f5fc2d270bdd93770ba0a23a996282b04f52/spring-boot-configuration-processor-1.5.7.RELEASE.jar:/home/luke/.gradle/caches/modules-2/files-2.1/org.springframework.boot/spring-boot-starter-web/1.5.7.RELEASE/a862305be8b7512a41f6768d825ed37251ccbbe0/spring-boot-starter-web-1.5.7.RELEASE.jar:/home/luke/.gradle/caches/modules-2/files-2.1/org.springframework.boot/spring-boot-starter-security/1.5.7.RELEASE/e680aa1a8990a6e98e7a843c88f0a8bc378bb4d/spring-boot-starter-security-1.5.7.RELEASE.jar:/home/luke/.gradle/caches/modules-2/files-2.1/org.projectlombok/lombok/1.18.6/616105b0831250a2e443447508e6a8b26bc466fb/lombok-1.18.6.jar:/home/luke/.gradle/caches/modules-2/files-2.1/net.sourceforge.htmlunit/htmlunit/2.33/9c84a0db5c8dac8adfd3d9af8b6f671fb5bfe652/htmlunit-2.33.jar:/home/luke/.gradle/caches/modules-2/files-2.1/com.google.code.gson/gson/2.8.5/f645ed69d595b24d4cf8b3fbb64cc505bede8829/gson-2.8.5.jar:/home/luke/.gradle/caches/modules-2/files-2.1/com.fasterxml.jackson.core/jackson-databind/2.9.7/e6faad47abd3179666e89068485a1b88a195ceb7/jackson-databind-2.9.7.jar:/home/luke/.gradle/caches/modules-2/files-2.1/com.fa
Launcher Type: SUN_STANDARD

Environment Variables:
JAVA_HOME=/usr/lib/jvm/java-8-oracle
PATH=/home/luke/.local/bin:/usr/local/sbin:/usr/local/bin:/usr/sbin:/usr/bin:/sbin:/bin:/usr/games:/usr/local/games:/snap/bin:/usr/lib/jvm/java-8-oracle/bin:/usr/lib/jvm/java-8-oracle/db/bin:/usr/lib/jvm/java-8-oracle/jre/bin
SHELL=/bin/bash
DISPLAY=:0.0

Signal Handlers:
SIGSEGV: [libjvm.so+0xad3e60], sa_mask[0]=11111111011111111101111111111110, sa_flags=SA_RESTART|SA_SIGINFO
SIGBUS: [libjvm.so+0xad3e60], sa_mask[0]=11111111011111111101111111111110, sa_flags=SA_RESTART|SA_SIGINFO
SIGFPE: [libjvm.so+0x90b880], sa_mask[0]=11111111011111111101111111111110, sa_flags=SA_RESTART|SA_SIGINFO
SIGPIPE: [libjvm.so+0x90b880], sa_mask[0]=11111111011111111101111111111110, sa_flags=SA_RESTART|SA_SIGINFO
SIGXFSZ: [libjvm.so+0x90b880], sa_mask[0]=11111111011111111101111111111110, sa_flags=SA_RESTART|SA_SIGINFO
SIGILL: [libjvm.so+0x90b880], sa_mask[0]=11111111011111111101111111111110, sa_flags=SA_RESTART|SA_SIGINFO
SIGUSR1: SIG_DFL, sa_mask[0]=00000000000000000000000000000000, sa_flags=none
SIGUSR2: [libjvm.so+0x90b750], sa_mask[0]=00100000000000000000000000000000, sa_flags=SA_RESTART|SA_SIGINFO
SIGHUP: [libjvm.so+0x90bd70], sa_mask[0]=11111111011111111101111111111110, sa_flags=SA_RESTART|SA_SIGINFO
SIGINT: [libjvm.so+0x90bd70], sa_mask[0]=11111111011111111101111111111110, sa_flags=SA_RESTART|SA_SIGINFO
SIGTERM: [libjvm.so+0x90bd70], sa_mask[0]=11111111011111111101111111111110, sa_flags=SA_RESTART|SA_SIGINFO
SIGQUIT: [libjvm.so+0x90bd70], sa_mask[0]=11111111011111111101111111111110, sa_flags=SA_RESTART|SA_SIGINFO


---------------  S Y S T E M  ---------------

OS:DISTRIB_ID=Ubuntu
DISTRIB_RELEASE=18.04
DISTRIB_CODENAME=bionic
DISTRIB_DESCRIPTION="Ubuntu 18.04.2 LTS"

uname:Linux 4.15.0-46-generic #49-Ubuntu SMP Wed Feb 6 09:33:07 UTC 2019 x86_64
libc:glibc 2.27 NPTL 2.27 
rlimit: STACK 8192k, CORE 0k, NPROC 29928, NOFILE 1048576, AS infinity
load average:54.84 14.56 5.35

/proc/meminfo:
MemTotal:        8068984 kB
MemFree:          116504 kB
MemAvailable:      11768 kB
Buffers:             272 kB
Cached:           493720 kB
SwapCached:        20340 kB
Active:          6675256 kB
Inactive:         914412 kB
Active(anon):    6672556 kB
Inactive(anon):   905176 kB
Active(file):       2700 kB
Inactive(file):     9236 kB
Unevictable:       13616 kB
Mlocked:           13616 kB
SwapTotal:       2097148 kB
SwapFree:              0 kB
Dirty:                 0 kB
Writeback:             0 kB
AnonPages:       7092388 kB
Mapped:           325876 kB
Shmem:            467880 kB
Slab:             157232 kB
SReclaimable:      58428 kB
SUnreclaim:        98804 kB
KernelStack:       20784 kB
PageTables:        94748 kB
NFS_Unstable:          0 kB
Bounce:                0 kB
WritebackTmp:          0 kB
CommitLimit:     6131640 kB
Committed_AS:   19493920 kB
VmallocTotal:   34359738367 kB
VmallocUsed:           0 kB
VmallocChunk:          0 kB
HardwareCorrupted:     0 kB
AnonHugePages:         0 kB
ShmemHugePages:        0 kB
ShmemPmdMapped:        0 kB
CmaTotal:              0 kB
CmaFree:               0 kB
HugePages_Total:       0
HugePages_Free:        0
HugePages_Rsvd:        0
HugePages_Surp:        0
Hugepagesize:       2048 kB
DirectMap4k:      277296 kB
DirectMap2M:     8011776 kB
DirectMap1G:           0 kB

container (cgroup) information:
container_type: cgroupv1
cpu_cpuset_cpus: 0-3
cpu_memory_nodes: 0
active_processor_count: 4
cpu_quota: -1
cpu_period: 100000
cpu_shares: -1
memory_limit_in_bytes: -1
memory_and_swap_limit_in_bytes: -2
memory_soft_limit_in_bytes: -1
memory_usage_in_bytes: 7807156224
memory_max_usage_in_bytes: 7897935872


CPU:total 4 (initial active 4) (2 cores per cpu, 2 threads per core) family 6 model 61 stepping 4, cmov, cx8, fxsr, mmx, sse, sse2, sse3, ssse3, sse4.1, sse4.2, popcnt, avx, avx2, aes, clmul, erms, 3dnowpref, lzcnt, ht, tsc, tscinvbit, bmi1, bmi2, adx

/proc/cpuinfo:
processor	: 0
vendor_id	: GenuineIntel
cpu family	: 6
model		: 61
model name	: Intel(R) Core(TM) i5-5257U CPU @ 2.70GHz
stepping	: 4
microcode	: 0x2b
cpu MHz		: 3100.032
cache size	: 3072 KB
physical id	: 0
siblings	: 4
core id		: 0
cpu cores	: 2
apicid		: 0
initial apicid	: 0
fpu		: yes
fpu_exception	: yes
cpuid level	: 20
wp		: yes
flags		: fpu vme de pse tsc msr pae mce cx8 apic sep mtrr pge mca cmov pat pse36 clflush dts acpi mmx fxsr sse sse2 ss ht tm pbe syscall nx pdpe1gb rdtscp lm constant_tsc arch_perfmon pebs bts rep_good nopl xtopology nonstop_tsc cpuid aperfmperf pni pclmulqdq dtes64 monitor ds_cpl vmx est tm2 ssse3 sdbg fma cx16 xtpr pdcm pcid sse4_1 sse4_2 x2apic movbe popcnt tsc_deadline_timer aes xsave avx f16c rdrand lahf_lm abm 3dnowprefetch cpuid_fault epb invpcid_single pti ssbd ibrs ibpb stibp tpr_shadow vnmi flexpriority ept vpid fsgsbase tsc_adjust bmi1 avx2 smep bmi2 erms invpcid rdseed adx smap intel_pt xsaveopt dtherm ida arat pln pts flush_l1d
bugs		: cpu_meltdown spectre_v1 spectre_v2 spec_store_bypass l1tf
bogomips	: 5400.05
clflush size	: 64
cache_alignment	: 64
address sizes	: 39 bits physical, 48 bits virtual
power management:

processor	: 1
vendor_id	: GenuineIntel
cpu family	: 6
model		: 61
model name	: Intel(R) Core(TM) i5-5257U CPU @ 2.70GHz
stepping	: 4
microcode	: 0x2b
cpu MHz		: 3100.032
cache size	: 3072 KB
physical id	: 0
siblings	: 4
core id		: 1
cpu cores	: 2
apicid		: 2
initial apicid	: 2
fpu		: yes
fpu_exception	: yes
cpuid level	: 20
wp		: yes
flags		: fpu vme de pse tsc msr pae mce cx8 apic sep mtrr pge mca cmov pat pse36 clflush dts acpi mmx fxsr sse sse2 ss ht tm pbe syscall nx pdpe1gb rdtscp lm constant_tsc arch_perfmon pebs bts rep_good nopl xtopology nonstop_tsc cpuid aperfmperf pni pclmulqdq dtes64 monitor ds_cpl vmx est tm2 ssse3 sdbg fma cx16 xtpr pdcm pcid sse4_1 sse4_2 x2apic movbe popcnt tsc_deadline_timer aes xsave avx f16c rdrand lahf_lm abm 3dnowprefetch cpuid_fault epb invpcid_single pti ssbd ibrs ibpb stibp tpr_shadow vnmi flexpriority ept vpid fsgsbase tsc_adjust bmi1 avx2 smep bmi2 erms invpcid rdseed adx smap intel_pt xsaveopt dtherm ida arat pln pts flush_l1d
bugs		: cpu_meltdown spectre_v1 spectre_v2 spec_store_bypass l1tf
bogomips	: 5400.05
clflush size	: 64
cache_alignment	: 64
address sizes	: 39 bits physical, 48 bits virtual
power management:

processor	: 2
vendor_id	: GenuineIntel
cpu family	: 6
model		: 61
model name	: Intel(R) Core(TM) i5-5257U CPU @ 2.70GHz
stepping	: 4
microcode	: 0x2b
cpu MHz		: 3100.032
cache size	: 3072 KB
physical id	: 0
siblings	: 4
core id		: 0
cpu cores	: 2
apicid		: 1
initial apicid	: 1
fpu		: yes
fpu_exception	: yes
cpuid level	: 20
wp		: yes
flags		: fpu vme de pse tsc msr pae mce cx8 apic sep mtrr pge mca cmov pat pse36 clflush dts acpi mmx fxsr sse sse2 ss ht tm pbe syscall nx pdpe1gb rdtscp lm constant_tsc arch_perfmon pebs bts rep_good nopl xtopology nonstop_tsc cpuid aperfmperf pni pclmulqdq dtes64 monitor ds_cpl vmx est tm2 ssse3 sdbg fma cx16 xtpr pdcm pcid sse4_1 sse4_2 x2apic movbe popcnt tsc_deadline_timer aes xsave avx f16c rdrand lahf_lm abm 3dnowprefetch cpuid_fault epb invpcid_single pti ssbd ibrs ibpb stibp tpr_shadow vnmi flexpriority ept vpid fsgsbase tsc_adjust bmi1 avx2 smep bmi2 erms invpcid rdseed adx smap intel_pt xsaveopt dtherm ida arat pln pts flush_l1d
bugs		: cpu_meltdown spectre_v1 spectre_v2 spec_store_bypass l1tf
bogomips	: 5400.05
clflush size	: 64
cache_alignment	: 64
address sizes	: 39 bits physical, 48 bits virtual
power management:

processor	: 3
vendor_id	: GenuineIntel
cpu family	: 6
model		: 61
model name	: Intel(R) Core(TM) i5-5257U CPU @ 2.70GHz
stepping	: 4
microcode	: 0x2b
cpu MHz		: 3100.033
cache size	: 3072 KB
physical id	: 0
siblings	: 4
core id		: 1
cpu cores	: 2
apicid		: 3
initial apicid	: 3
fpu		: yes
fpu_exception	: yes
cpuid level	: 20
wp		: yes
flags		: fpu vme de pse tsc msr pae mce cx8 apic sep mtrr pge mca cmov pat pse36 clflush dts acpi mmx fxsr sse sse2 ss ht tm pbe syscall nx pdpe1gb rdtscp lm constant_tsc arch_perfmon pebs bts rep_good nopl xtopology nonstop_tsc cpuid aperfmperf pni pclmulqdq dtes64 monitor ds_cpl vmx est tm2 ssse3 sdbg fma cx16 xtpr pdcm pcid sse4_1 sse4_2 x2apic movbe popcnt tsc_deadline_timer aes xsave avx f16c rdrand lahf_lm abm 3dnowprefetch cpuid_fault epb invpcid_single pti ssbd ibrs ibpb stibp tpr_shadow vnmi flexpriority ept vpid fsgsbase tsc_adjust bmi1 avx2 smep bmi2 erms invpcid rdseed adx smap intel_pt xsaveopt dtherm ida arat pln pts flush_l1d
bugs		: cpu_meltdown spectre_v1 spectre_v2 spec_store_bypass l1tf
bogomips	: 5400.05
clflush size	: 64
cache_alignment	: 64
address sizes	: 39 bits physical, 48 bits virtual
power management:



Memory: 4k page, physical 8068984k(106248k free), swap 2097148k(0k free)

vm_info: Java HotSpot(TM) 64-Bit Server VM (25.201-b09) for linux-amd64 JRE (1.8.0_201-b09), built on Dec 15 2018 11:35:59 by "java_re" with gcc 7.3.0

time: Wed Mar 13 18:28:41 2019
timezone: JST
elapsed time: 52 seconds (0d 0h 0m 52s)

